2019-04-20 21:52:23|   0.1|  0.1|INFORM|FME 2018.1.0.3 (20180926 - Build 18552 - linux-x64)
2019-04-20 21:52:23|   0.1|  0.0|INFORM|FME_HOME is '/opt/fme-desktop-2018/'
2019-04-20 21:52:23|   0.1|  0.0|INFORM|FME Home Edition (node locked-crc)
2019-04-20 21:52:23|   0.1|  0.0|INFORM|Serial Number: 0
2019-04-20 21:52:23|   0.1|  0.0|INFORM|Temporary License: 229 days left.
2019-04-20 21:52:23|   0.1|  0.0|INFORM|Machine host name is: ib-laptop
2019-04-20 21:52:23|   0.1|  0.0|INFORM|START - ProcessID: 10685, peak process memory usage: 19852 kB, current process memory usage: 19852 kB
2019-04-20 21:52:23|   0.1|  0.0|INFORM|FME Configuration: Command line arguments are `/opt/fme-desktop-2018//bin/fme' `/media/isaac/Data/unade_subnetworks/unade/CityGML-UtilityNetwork-ADE-Nanaimo-Water-Network-Sample/fme/wb-xlate-1555789941293_8962' `LOG_STANDARDOUT' `YES' `LogCountServerName' `{3f386a9c-c85b-45c5-b7e9-7bd317cc5068}'
2019-04-20 21:52:23|   0.1|  0.0|INFORM|FME Configuration: Connection Storage: '/home/isaac//.Safe Software/FME/'
2019-04-20 21:52:23|   0.1|  0.0|INFORM|Shared folders for formats are : /opt/fme-desktop-2018/datasources;/home/isaac/.fme/Formats
2019-04-20 21:52:23|   0.1|  0.0|INFORM|Shared folders for transformers are : /home/isaac/.Safe Software/FME/Packages/18552-linux-x64/transformers;/opt/fme-desktop-2018/transformers;/home/isaac/.fme/Transformers;/home/isaac/.Safe Software/FME/FME Store/Transformers
2019-04-20 21:52:23|   0.1|  0.0|INFORM|Shared folders for coordinate systems are : /home/isaac/.fme/CoordinateSystems
2019-04-20 21:52:23|   0.1|  0.0|INFORM|Shared folders for coordinate system exceptions are : /home/isaac/.fme/CoordinateSystemExceptions
2019-04-20 21:52:23|   0.1|  0.0|INFORM|Shared folders for coordinate system grid overrides are : /home/isaac/.fme/CoordinateSystemGridOverrides
2019-04-20 21:52:23|   0.1|  0.0|INFORM|Shared folders for CS-MAP transformation exceptions are : /home/isaac/.fme/CsmapTransformationExceptions
2019-04-20 21:52:23|   0.1|  0.0|INFORM|Shared folders for transformer categories are : /home/isaac/.fme/TransformerCategories
2019-04-20 21:52:23|   0.1|  0.0|INFORM|FME Configuration: Reader Keyword is `MULTI_READER'
2019-04-20 21:52:23|   0.1|  0.0|INFORM|FME Configuration: Writer Keyword is `MULTI_WRITER'
2019-04-20 21:52:23|   0.1|  0.0|INFORM|FME Configuration: Writer Group Definition Keyword is `MULTI_WRITER_DEF'
2019-04-20 21:52:23|   0.1|  0.0|INFORM|FME Configuration: Reader type is `MULTI_READER'
2019-04-20 21:52:23|   0.1|  0.0|INFORM|FME Configuration: Writer type is `MULTI_WRITER'
2019-04-20 21:52:23|   0.1|  0.0|INFORM|FME Configuration: No destination coordinate system set
2019-04-20 21:52:23|   0.1|  0.0|INFORM|FME Configuration: Current working folder is `/media/isaac/Data/unade_subnetworks/unade/CityGML-UtilityNetwork-ADE-Nanaimo-Water-Network-Sample/fme'
2019-04-20 21:52:23|   0.1|  0.0|INFORM|FME Configuration: Temporary folder is in the system location `/tmp'
2019-04-20 21:52:23|   0.1|  0.0|INFORM|FME Configuration: FME_HOME is `/opt/fme-desktop-2018/'
2019-04-20 21:52:23|   0.1|  0.0|INFORM|FME Configuration: FME_BASE is 'no'
2019-04-20 21:52:23|   0.1|  0.0|INFORM|FME Configuration: FME_MF_DIR is '/media/isaac/Data/unade_subnetworks/unade/CityGML-UtilityNetwork-ADE-Nanaimo-Water-Network-Sample/fme/'
2019-04-20 21:52:23|   0.1|  0.0|INFORM|FME Configuration: FME_MF_NAME is 'water_pipes.fmw'
2019-04-20 21:52:23|   0.1|  0.0|INFORM|FME Configuration: FME_PRODUCT_NAME is 'FME(R) 2018.1.0.3'
2019-04-20 21:52:23|   0.1|  0.0|INFORM|System Status: 21.39 GB of disk space available in the FME temporary folder (/tmp)
2019-04-20 21:52:23|   0.1|  0.0|INFORM|System Status: 11.57 GB of virtual memory available
2019-04-20 21:52:23|   0.1|  0.0|INFORM|Operating System: Ubuntu 18.04.2 LTS (Bionic Beaver)
2019-04-20 21:52:23|   0.1|  0.0|INFORM|FME Platform: linux-x64
2019-04-20 21:52:23|   0.1|  0.0|INFORM|The memory allocator being used by FME is : `/usr/lib/x86_64-linux-gnu/libtcmalloc_minimal.so.4'
2019-04-20 21:52:23|   0.1|  0.0|INFORM|Locale: en_US.UTF-8
2019-04-20 21:52:23|   0.1|  0.0|INFORM|FME Configuration: Process limit is 11.61 GB of physical memory
2019-04-20 21:52:23|   0.1|  0.0|INFORM|FME Configuration: Start freeing memory when process usage exceeds 10.40 GB of virtual memory
2019-04-20 21:52:23|   0.1|  0.0|INFORM|FME Configuration: Stop freeing memory when process usage is below 7.80 GB of virtual memory
2019-04-20 21:52:23|   0.1|  0.0|INFORM|Creating writer for format: 
2019-04-20 21:52:23|   0.1|  0.0|INFORM|Creating reader for format: 
2019-04-20 21:52:23|   0.1|  0.0|INFORM|MULTI_READER(MULTI_READER): Will fail with first member reader failure
2019-04-20 21:52:23|   0.1|  0.0|INFORM|MULTI_READER(MULTI_READER): Adding GEOTIFF Reader with keyword GEOTIFF_1
2019-04-20 21:52:23|   0.1|  0.0|INFORM|MULTI_READER(MULTI_READER): Adding ESRISHAPE Reader with keyword ESRISHAPE_1
2019-04-20 21:52:23|   0.1|  0.0|INFORM|MULTI_READER(MULTI_READER): Adding ESRISHAPE Reader with keyword ESRISHAPE_2
2019-04-20 21:52:23|   0.1|  0.0|INFORM|MULTI_READER(MULTI_READER): Adding GEOTIFF Reader with keyword GEOTIFF_2
2019-04-20 21:52:23|   0.1|  0.0|INFORM|Using Multi Reader with keyword `MULTI_READER' to read multiple datasets
2019-04-20 21:52:23|   0.2|  0.0|INFORM|Creating reader for format: GeoTIFF (Geo-referenced Tagged Image File Format)
2019-04-20 21:52:23|   0.2|  0.0|INFORM|Trying to find a DYNAMIC plugin for reader named `GEOTIFF'
2019-04-20 21:52:23|   0.2|  0.0|INFORM|LD_LIBRARY_PATH is '/opt/fme-desktop-2018/plugins/gdal:/opt/fme-desktop-2018//fmecore:/opt/fme-desktop-2018/fmecore'
2019-04-20 21:52:23|   0.2|  0.0|INFORM|Loaded module 'GEOTIFF' from file '/opt/fme-desktop-2018/plugins/gdal/gdal.so'
2019-04-20 21:52:23|   0.2|  0.0|INFORM|FME API version of module 'GEOTIFF' matches current internal version (3.8 20180604)
2019-04-20 21:52:23|   0.2|  0.0|INFORM|GEOTIFF reader: Directive '_READ_OFFSETS_IN_CS_UNITS' has the value 'No'
2019-04-20 21:52:23|   0.2|  0.0|INFORM|GEOTIFF reader: Opening file '/media/isaac/Data/EIFER/Nanaimo_Network_Modeling/data_in/Nanaimo_DEM1.tif'
2019-04-20 21:52:23|   0.2|  0.0|INFORM|Using MultiWriter with keyword `MULTI_WRITER' to output data (ID_ATTRIBUTE is `multi_writer_id')
2019-04-20 21:52:23|   0.2|  0.0|INFORM|Writer output will be ordered by value of multi_writer_id
2019-04-20 21:52:23|   0.2|  0.0|INFORM|Loaded module 'LogCount_func' from file '/opt/fme-desktop-2018/plugins/logcount_func.so'
2019-04-20 21:52:23|   0.2|  0.0|INFORM|FME API version of module 'LogCount_func' matches current internal version (3.8 20180604)
2019-04-20 21:52:23|   0.2|  0.0|INFORM|Loaded module 'Geometry_func' from file '/opt/fme-desktop-2018/plugins/geometry_func.so'
2019-04-20 21:52:23|   0.2|  0.0|INFORM|FME API version of module 'Geometry_func' matches current internal version (3.8 20180604)
2019-04-20 21:52:23|   0.2|  0.0|INFORM|Loaded module 'UUID_func' from file '/opt/fme-desktop-2018/plugins/uuid_func.so'
2019-04-20 21:52:23|   0.2|  0.0|INFORM|FME API version of module 'UUID_func' matches current internal version (3.8 20180604)
2019-04-20 21:52:23|   0.2|  0.0|INFORM|Loaded module 'DuplicateRemoverFactory' from file '/opt/fme-desktop-2018/plugins/duplicateremoverfactory.so'
2019-04-20 21:52:23|   0.2|  0.0|INFORM|FME API version of module 'DuplicateRemoverFactory' matches current internal version (3.8 20180604)
2019-04-20 21:52:23|   0.2|  0.0|INFORM|Loaded module 'InspectorFactory' from file '/opt/fme-desktop-2018/plugins/inspectorfactory.so'
2019-04-20 21:52:23|   0.2|  0.0|INFORM|FME API version of module 'InspectorFactory' matches current internal version (3.8 20180604)
2019-04-20 21:52:23|   0.3|  0.0|INFORM|Loaded module 'GQueryFactory' from file '/opt/fme-desktop-2018/plugins/gqueryfactory.so'
2019-04-20 21:52:23|   0.3|  0.0|INFORM|FME API version of module 'GQueryFactory' matches current internal version (3.8 20180604)
2019-04-20 21:52:23|   0.3|  0.0|INFORM|FME API version of module 'GQueryFactory' matches current internal version (3.8 20180604)
2019-04-20 21:52:23|   0.3|  0.0|INFORM|Loaded module 'AttributeFilterFactory' from file '/opt/fme-desktop-2018/plugins/attributefilterfactory.so'
2019-04-20 21:52:23|   0.3|  0.0|INFORM|FME API version of module 'AttributeFilterFactory' matches current internal version (3.8 20180604)
2019-04-20 21:52:23|   0.3|  0.0|INFORM|FME API version of module 'AttributeFilterFactory' matches current internal version (3.8 20180604)
2019-04-20 21:52:23|   0.3|  0.0|INFORM|Loaded module 'SurfaceModelFactory' from file '/opt/fme-desktop-2018/plugins/surfacemodelfactory.so'
2019-04-20 21:52:23|   0.3|  0.0|INFORM|FME API version of module 'SurfaceModelFactory' matches current internal version (3.8 20180604)
2019-04-20 21:52:23|   0.3|  0.0|INFORM|Loaded module 'TransformPointCloud_func' from file '/opt/fme-desktop-2018/plugins/transformpointcloud_func.so'
2019-04-20 21:52:23|   0.3|  0.0|INFORM|FME API version of module 'TransformPointCloud_func' matches current internal version (3.8 20180604)
2019-04-20 21:52:23|   0.3|  0.0|INFORM|FME API version of module 'GQueryFactory' matches current internal version (3.8 20180604)
2019-04-20 21:52:23|   0.3|  0.0|INFORM|FME API version of module 'DuplicateRemoverFactory' matches current internal version (3.8 20180604)
2019-04-20 21:52:23|   0.3|  0.0|INFORM|FME API version of module 'GQueryFactory' matches current internal version (3.8 20180604)
2019-04-20 21:52:23|   0.3|  0.0|INFORM|FME API version of module 'GQueryFactory' matches current internal version (3.8 20180604)
2019-04-20 21:52:23|   0.3|  0.0|INFORM|FME API version of module 'SurfaceModelFactory' matches current internal version (3.8 20180604)
2019-04-20 21:52:23|   0.3|  0.0|INFORM|FME API version of module 'GQueryFactory' matches current internal version (3.8 20180604)
2019-04-20 21:52:23|   0.3|  0.0|INFORM|GEOTIFF reader: Directive '_APPLY_GCPS' has the value 'No'
2019-04-20 21:52:23|   0.3|  0.0|INFORM|Predefined coordinate system `UTM83-10' (UTM with NAD83 datum, Zone 10, Meter; Central Meridian 123d W) matches dataset coordinate system 
2019-04-20 21:52:23|   0.3|  0.0|INFORM|The OGC definition of the FME coordinate system 'UTM83-10' is 'PROJCS["NAD_1983_UTM_Zone_10N",GEOGCS["NAD83",DATUM["North_American_Datum_1983",SPHEROID["GRS 1980",6378137,298.2572221010042,AUTHORITY["EPSG","7019"]],AUTHORITY["EPSG","6269"]],PRIMEM["Greenwich",0],UNIT["degree",0.0174532925199433],AUTHORITY["EPSG","4269"]],PROJECTION["Transverse_Mercator"],PARAMETER["latitude_of_origin",0],PARAMETER["central_meridian",-123],PARAMETER["scale_factor",0.9996],PARAMETER["false_easting",500000],PARAMETER["false_northing",0],UNIT["metre",1,AUTHORITY["EPSG","9001"]],AUTHORITY["EPSG","26910"]]'
2019-04-20 21:52:23|   0.3|  0.0|INFORM|Successfully read world file '/media/isaac/Data/EIFER/Nanaimo_Network_Modeling/data_in/Nanaimo_DEM1.tfw '
2019-04-20 21:52:23|   0.3|  0.0|INFORM|FME Configuration: Source coordinate system for reader GEOTIFF_1[GEOTIFF] set to `UTM83-10' as read from input data
2019-04-20 21:52:23|   0.3|  0.0|INFORM|Coordinate System `UTM83-10' parameters: CS_NAME=`UTM83-10' DESC_NM=`UTM with NAD83 datum, Zone 10, Meter; Central Meridian 123d W' DT_NAME=`NAD83' GROUP=`UTM83' MAP_SCL=`1' MAX_LAT=`86.93333333333334' MAX_LNG=`-119.25' MIN_LAT=`25.416666666666668' MIN_LNG=`-126.75' PARM1=`-123' PROJ=`TM' QUAD=`1' SCL_RED=`0.9996' SOURCE=`Snyder, J.P, 1987, Map Projections - A Working Manual' UNIT=`METER' X_OFF=`500000.0' Y_OFF=`0.0' 
2019-04-20 21:52:23|   0.4|  0.1|INFORM|Creating writer for format: CityGML
2019-04-20 21:52:23|   0.4|  0.0|INFORM|Trying to find a DYNAMIC plugin for writer named `CITYGML'
2019-04-20 21:52:23|   0.5|  0.1|INFORM|Loaded module 'CITYGML' from file '/opt/fme-desktop-2018/plugins/citygml.so'
2019-04-20 21:52:23|   0.5|  0.0|INFORM|FME API version of module 'CITYGML' matches current internal version (3.8 20180604)
2019-04-20 21:52:23|   0.5|  0.0|INFORM|FME Configuration: No destination coordinate system set
2019-04-20 21:52:23|   0.5|  0.0|INFORM|FME API version of module 'CITYGML' matches current internal version (3.8 20180604)
2019-04-20 21:52:23|   0.5|  0.0|INFORM|Writer `CITYGML_1' of type `CITYGML' using group definition keyword `CITYGML_1_DEF'
2019-04-20 21:52:23|   0.5|  0.0|INFORM|FME API version of module 'CITYGML' matches current internal version (3.8 20180604)
2019-04-20 21:52:23|   0.5|  0.0|INFORM|CityGML Writer: No Document encoding set, defaulting to UTF-8.
2019-04-20 21:52:23|   0.5|  0.0|INFORM|The uri-map document '/opt/fme-desktop-2018/xml/urimap/gml_inspire.xml' is being used to map from URI to URI
2019-04-20 21:52:23|   0.5|  0.0|INFORM|The uri-map document '/opt/fme-desktop-2018/xml/urimap/gml_sosi.xml' is being used to map from URI to URI
2019-04-20 21:52:23|   0.5|  0.0|INFORM|The uri-map document '/opt/fme-desktop-2018/xml/urimap/gml_aixm.xml' is being used to map from URI to URI
2019-04-20 21:52:23|   0.5|  0.0|INFORM|The uri-map document '/opt/fme-desktop-2018/xml/urimap/gml_urimap.xml' is being used to map from URI to URI
2019-04-20 21:52:23|   0.5|  0.0|INFORM|The uri-map document '/opt/fme-desktop-2018/xml/urimap/gml_citygml.xml' is being used to map from URI to URI
2019-04-20 21:52:23|   0.5|  0.0|INFORM|URI '/media/isaac/Data/EIFER/Nanaimo_Network_Modeling/local_git/CityGML-UtilityNetwork-ADE/XSD/CityGML_UtilityNetworkADE.xsd' mapped to 'file:////media/isaac/Data/EIFER/Nanaimo_Network_Modeling/local_git/CityGML-UtilityNetwork-ADE/XSD/CityGML_UtilityNetworkADE.xsd'
2019-04-20 21:52:23|   0.5|  0.0|INFORM|Parsing schema document 'file:////media/isaac/Data/EIFER/Nanaimo_Network_Modeling/local_git/CityGML-UtilityNetwork-ADE/XSD/CityGML_UtilityNetworkADE.xsd' ...
2019-04-20 21:52:23|   0.5|  0.0|INFORM|A <schemaLocation> in the uri-map is overriding the namespace 'http://www.w3.org/1999/xlink' xsd location from '../xlink/xlinks.xsd' to 'xlink.xsd'
2019-04-20 21:52:24|   0.5|  0.0|INFORM|URI 'CityGML.xsd' mapped to 'file:////opt/fme-desktop-2018/xml/schemas/CityGML/CityGML/2.0/CityGML.xsd'
2019-04-20 21:52:24|   0.5|  0.0|INFORM|Parsing schema document 'file:////opt/fme-desktop-2018/xml/schemas/CityGML/CityGML/2.0/CityGML.xsd' ...
2019-04-20 21:52:24|   0.5|  0.0|INFORM|Using XSD semantics configuration file 'file:////opt/fme-desktop-2018/xml/CityGML/CityGML_config.xml'.
2019-04-20 21:52:25|   2.0|  1.4|INFORM|Creating reader for format: XML (Extensible Markup Language)
2019-04-20 21:52:25|   2.0|  0.0|INFORM|Trying to find a DYNAMIC plugin for reader named `XML'
2019-04-20 21:52:25|   2.0|  0.0|INFORM|Loaded module 'XML' from file '/opt/fme-desktop-2018/plugins/xml.so'
2019-04-20 21:52:25|   2.0|  0.0|INFORM|FME API version of module 'XML' matches current internal version (3.8 20180604)
2019-04-20 21:52:25|   2.0|  0.0|INFORM|Opening the XML reader with source dataset '/tmp/FME_155578994584_10685.xfmap'
2019-04-20 21:52:25|   2.0|  0.0|INFORM|FME Configuration: Using FME Reprojection Engine
2019-04-20 21:52:25|   2.0|  0.0|INFORM|The XML Reader is using xfMap '/opt/fme-desktop-2018/xml/CityGML/CityGML_meta_schema_xfmap.xml'
2019-04-20 21:52:25|   2.0|  0.0|INFORM|The uri-map document '/opt/fme-desktop-2018/xml/urimap/gml_citygml.xml' is being used to map from URI to URI
2019-04-20 21:52:25|   2.0|  0.0|INFORM|The uri-map document '/opt/fme-desktop-2018/xml/urimap/gml_inspire.xml' is being used to map from URI to URI
2019-04-20 21:52:25|   2.0|  0.0|INFORM|The uri-map document '/opt/fme-desktop-2018/xml/urimap/gml_sosi.xml' is being used to map from URI to URI
2019-04-20 21:52:25|   2.0|  0.0|INFORM|The uri-map document '/opt/fme-desktop-2018/xml/urimap/gml_aixm.xml' is being used to map from URI to URI
2019-04-20 21:52:25|   2.0|  0.0|INFORM|The uri-map document '/opt/fme-desktop-2018/xml/urimap/gml_urimap.xml' is being used to map from URI to URI
2019-04-20 21:52:27|   3.5|  1.5|INFORM|Creating reader for format: Esri Shapefile
2019-04-20 21:52:27|   3.5|  0.0|INFORM|=-=-=-=-=-=-=-=-=-=-=-=-=-=-=-=-=-=-=-=-=-=-=-=-=-=-=-=-=-=-=-=-=-=-=-=-=-=-=-
2019-04-20 21:52:27|   3.5|  0.0|INFORM|Feature output statistics for `CITYGML' writer using keyword `CITYGML_1':
2019-04-20 21:52:27|   3.5|  0.0|STATS |=-=-=-=-=-=-=-=-=-=-=-=-=-=-=-=-=-=-=-=-=-=-=-=-=-=-=-=-=-=-=-=-=-=-=-=-=-=-=-
2019-04-20 21:52:27|   3.5|  0.0|STATS |                               Features Written
2019-04-20 21:52:27|   3.5|  0.0|STATS |=-=-=-=-=-=-=-=-=-=-=-=-=-=-=-=-=-=-=-=-=-=-=-=-=-=-=-=-=-=-=-=-=-=-=-=-=-=-=-
2019-04-20 21:52:27|   3.5|  0.0|STATS |LiquidMedium                                                                 1
2019-04-20 21:52:27|   3.5|  0.0|STATS |Network                                                                      1
2019-04-20 21:52:27|   3.5|  0.0|STATS |NetworkGraph                                                                 1
2019-04-20 21:52:27|   3.5|  0.0|STATS |==============================================================================
2019-04-20 21:52:27|   3.5|  0.0|STATS |Total Features Written                                                       3
2019-04-20 21:52:27|   3.5|  0.0|STATS |=-=-=-=-=-=-=-=-=-=-=-=-=-=-=-=-=-=-=-=-=-=-=-=-=-=-=-=-=-=-=-=-=-=-=-=-=-=-=-
2019-04-20 21:52:27|   3.5|  0.0|ERROR |Shape Reader: Failed to open dataset '/media/isaac/Data/EIFER/Nanaimo_Network_Modeling/local_git/new/CityGML-UtilityNetwork-ADE/Sample/Nanaimo_Water_Network/data_in/Pipes/PIPES_AND_SERVICES_sm.shp' which is neither an existing file nor directory
2019-04-20 21:52:27|   3.5|  0.0|INFORM|Translation FAILED with 1 error(s) and 0 warning(s) (3 feature(s) output)
2019-04-20 21:52:27|   3.5|  0.0|INFORM|FME Session Duration: 4.2 seconds. (CPU: 3.3s user, 0.1s system)
2019-04-20 21:52:27|   3.5|  0.0|INFORM|END - ProcessID: 10685, peak process memory usage: 80960 kB, current process memory usage: 33060 kB
